<?xml version="1.0" encoding="UTF-8"?>
<!-- Generated by org.testng.reporters.JUnitReportReporter -->
<testsuite hostname="DESKTOP-QL7K25G" failures="0" tests="1" name="cucumberOptions.TestNgTestRunner" time="21.027" errors="0" timestamp="2023-02-27T10:59:19 IST" skipped="0">
  <testcase classname="cucumberOptions.TestNgTestRunner" name="runScenario" time="21.027"/>
  <system-out/>
</testsuite> <!-- cucumberOptions.TestNgTestRunner -->
