<?xml version="1.0" encoding="UTF-8"?>
<!-- Generated by org.testng.reporters.JUnitReportReporter -->
<testsuite hostname="DESKTOP-QL7K25G" failures="0" tests="1" name="cucumberOptions.TestNgTestRunner" time="43.935" errors="0" timestamp="2023-02-22T12:34:51 IST" skipped="0">
  <testcase classname="cucumberOptions.TestNgTestRunner" name="runScenario" time="43.935"/>
  <system-out/>
</testsuite> <!-- cucumberOptions.TestNgTestRunner -->
