<?xml version="1.0" encoding="UTF-8"?>
<!-- Generated by org.testng.reporters.JUnitReportReporter -->
<testsuite hostname="DESKTOP-QL7K25G" failures="0" tests="1" name="cucumberOptions.TestNgTestRunner" time="32.171" errors="0" timestamp="2023-08-08T10:26:53 IST" skipped="0">
  <testcase classname="cucumberOptions.TestNgTestRunner" name="runScenario" time="32.171"/>
  <system-out/>
</testsuite> <!-- cucumberOptions.TestNgTestRunner -->
